[2024-10-24 14:19:55] local.ERROR: require(/Users/deepeshraj/Documents/GitHub/online-tuition/routes/channels.php): Failed to open stream: No such file or directory {"exception":"[object] (ErrorException(code: 0): require(/Users/deepeshraj/Documents/GitHub/online-tuition/routes/channels.php): Failed to open stream: No such file or directory at /Users/deepeshraj/Documents/GitHub/online-tuition/app/Providers/BroadcastServiceProvider.php:17)
[stacktrace]
#0 /Users/deepeshraj/Documents/GitHub/online-tuition/vendor/laravel/framework/src/Illuminate/Foundation/Bootstrap/HandleExceptions.php(254): Illuminate\\Foundation\\Bootstrap\\HandleExceptions->handleError(2, 'require(/Users/...', '/Users/deepeshr...', 17)
#1 /Users/deepeshraj/Documents/GitHub/online-tuition/app/Providers/BroadcastServiceProvider.php(17): Illuminate\\Foundation\\Bootstrap\\HandleExceptions->Illuminate\\Foundation\\Bootstrap\\{closure}(2, 'require(/Users/...', '/Users/deepeshr...', 17)
#2 /Users/deepeshraj/Documents/GitHub/online-tuition/app/Providers/BroadcastServiceProvider.php(17): require('/Users/deepeshr...')
#3 /Users/deepeshraj/Documents/GitHub/online-tuition/vendor/laravel/framework/src/Illuminate/Container/BoundMethod.php(36): App\\Providers\\BroadcastServiceProvider->boot()
#4 /Users/deepeshraj/Documents/GitHub/online-tuition/vendor/laravel/framework/src/Illuminate/Container/Util.php(41): Illuminate\\Container\\BoundMethod::Illuminate\\Container\\{closure}()
#5 /Users/deepeshraj/Documents/GitHub/online-tuition/vendor/laravel/framework/src/Illuminate/Container/BoundMethod.php(93): Illuminate\\Container\\Util::unwrapIfClosure(Object(Closure))
#6 /Users/deepeshraj/Documents/GitHub/online-tuition/vendor/laravel/framework/src/Illuminate/Container/BoundMethod.php(35): Illuminate\\Container\\BoundMethod::callBoundMethod(Object(Illuminate\\Foundation\\Application), Array, Object(Closure))
#7 /Users/deepeshraj/Documents/GitHub/online-tuition/vendor/laravel/framework/src/Illuminate/Container/Container.php(662): Illuminate\\Container\\BoundMethod::call(Object(Illuminate\\Foundation\\Application), Array, Array, NULL)
#8 /Users/deepeshraj/Documents/GitHub/online-tuition/vendor/laravel/framework/src/Illuminate/Foundation/Application.php(1010): Illuminate\\Container\\Container->call(Array)
#9 /Users/deepeshraj/Documents/GitHub/online-tuition/vendor/laravel/framework/src/Illuminate/Foundation/Application.php(991): Illuminate\\Foundation\\Application->bootProvider(Object(App\\Providers\\BroadcastServiceProvider))
#10 [internal function]: Illuminate\\Foundation\\Application->Illuminate\\Foundation\\{closure}(Object(App\\Providers\\BroadcastServiceProvider), 29)
#11 /Users/deepeshraj/Documents/GitHub/online-tuition/vendor/laravel/framework/src/Illuminate/Foundation/Application.php(990): array_walk(Array, Object(Closure))
#12 /Users/deepeshraj/Documents/GitHub/online-tuition/vendor/laravel/framework/src/Illuminate/Foundation/Bootstrap/BootProviders.php(17): Illuminate\\Foundation\\Application->boot()
#13 /Users/deepeshraj/Documents/GitHub/online-tuition/vendor/laravel/framework/src/Illuminate/Foundation/Application.php(261): Illuminate\\Foundation\\Bootstrap\\BootProviders->bootstrap(Object(Illuminate\\Foundation\\Application))
#14 /Users/deepeshraj/Documents/GitHub/online-tuition/vendor/laravel/framework/src/Illuminate/Foundation/Console/Kernel.php(447): Illuminate\\Foundation\\Application->bootstrapWith(Array)
#15 /Users/deepeshraj/Documents/GitHub/online-tuition/vendor/laravel/framework/src/Illuminate/Foundation/Console/Kernel.php(199): Illuminate\\Foundation\\Console\\Kernel->bootstrap()
#16 Command line code(1): Illuminate\\Foundation\\Console\\Kernel->handle(Object(Symfony\\Component\\Console\\Input\\ArgvInput), Object(Symfony\\Component\\Console\\Output\\ConsoleOutput))
#17 {main}
"} 
[2024-10-24 14:19:55] local.ERROR: require(/Users/deepeshraj/Documents/GitHub/online-tuition/routes/channels.php): Failed to open stream: No such file or directory {"exception":"[object] (ErrorException(code: 0): require(/Users/deepeshraj/Documents/GitHub/online-tuition/routes/channels.php): Failed to open stream: No such file or directory at /Users/deepeshraj/Documents/GitHub/online-tuition/app/Providers/BroadcastServiceProvider.php:17)
[stacktrace]
#0 /Users/deepeshraj/Documents/GitHub/online-tuition/vendor/laravel/framework/src/Illuminate/Foundation/Bootstrap/HandleExceptions.php(254): Illuminate\\Foundation\\Bootstrap\\HandleExceptions->handleError(2, 'require(/Users/...', '/Users/deepeshr...', 17)
#1 /Users/deepeshraj/Documents/GitHub/online-tuition/app/Providers/BroadcastServiceProvider.php(17): Illuminate\\Foundation\\Bootstrap\\HandleExceptions->Illuminate\\Foundation\\Bootstrap\\{closure}(2, 'require(/Users/...', '/Users/deepeshr...', 17)
#2 /Users/deepeshraj/Documents/GitHub/online-tuition/app/Providers/BroadcastServiceProvider.php(17): require('/Users/deepeshr...')
#3 /Users/deepeshraj/Documents/GitHub/online-tuition/vendor/laravel/framework/src/Illuminate/Container/BoundMethod.php(36): App\\Providers\\BroadcastServiceProvider->boot()
#4 /Users/deepeshraj/Documents/GitHub/online-tuition/vendor/laravel/framework/src/Illuminate/Container/Util.php(41): Illuminate\\Container\\BoundMethod::Illuminate\\Container\\{closure}()
#5 /Users/deepeshraj/Documents/GitHub/online-tuition/vendor/laravel/framework/src/Illuminate/Container/BoundMethod.php(93): Illuminate\\Container\\Util::unwrapIfClosure(Object(Closure))
#6 /Users/deepeshraj/Documents/GitHub/online-tuition/vendor/laravel/framework/src/Illuminate/Container/BoundMethod.php(35): Illuminate\\Container\\BoundMethod::callBoundMethod(Object(Illuminate\\Foundation\\Application), Array, Object(Closure))
#7 /Users/deepeshraj/Documents/GitHub/online-tuition/vendor/laravel/framework/src/Illuminate/Container/Container.php(662): Illuminate\\Container\\BoundMethod::call(Object(Illuminate\\Foundation\\Application), Array, Array, NULL)
#8 /Users/deepeshraj/Documents/GitHub/online-tuition/vendor/laravel/framework/src/Illuminate/Foundation/Application.php(1010): Illuminate\\Container\\Container->call(Array)
#9 /Users/deepeshraj/Documents/GitHub/online-tuition/vendor/laravel/framework/src/Illuminate/Foundation/Application.php(991): Illuminate\\Foundation\\Application->bootProvider(Object(App\\Providers\\BroadcastServiceProvider))
#10 [internal function]: Illuminate\\Foundation\\Application->Illuminate\\Foundation\\{closure}(Object(App\\Providers\\BroadcastServiceProvider), 29)
#11 /Users/deepeshraj/Documents/GitHub/online-tuition/vendor/laravel/framework/src/Illuminate/Foundation/Application.php(990): array_walk(Array, Object(Closure))
#12 /Users/deepeshraj/Documents/GitHub/online-tuition/vendor/laravel/framework/src/Illuminate/Foundation/Bootstrap/BootProviders.php(17): Illuminate\\Foundation\\Application->boot()
#13 /Users/deepeshraj/Documents/GitHub/online-tuition/vendor/laravel/framework/src/Illuminate/Foundation/Application.php(261): Illuminate\\Foundation\\Bootstrap\\BootProviders->bootstrap(Object(Illuminate\\Foundation\\Application))
#14 /Users/deepeshraj/Documents/GitHub/online-tuition/vendor/laravel/framework/src/Illuminate/Foundation/Console/Kernel.php(447): Illuminate\\Foundation\\Application->bootstrapWith(Array)
#15 /Users/deepeshraj/Documents/GitHub/online-tuition/vendor/laravel/framework/src/Illuminate/Foundation/Console/Kernel.php(199): Illuminate\\Foundation\\Console\\Kernel->bootstrap()
#16 Command line code(1): Illuminate\\Foundation\\Console\\Kernel->handle(Object(Symfony\\Component\\Console\\Input\\ArgvInput), Object(Symfony\\Component\\Console\\Output\\ConsoleOutput))
#17 {main}
"} 
[2024-10-24 14:19:55] local.ERROR: require(/Users/deepeshraj/Documents/GitHub/online-tuition/routes/channels.php): Failed to open stream: No such file or directory {"exception":"[object] (ErrorException(code: 0): require(/Users/deepeshraj/Documents/GitHub/online-tuition/routes/channels.php): Failed to open stream: No such file or directory at /Users/deepeshraj/Documents/GitHub/online-tuition/app/Providers/BroadcastServiceProvider.php:17)
[stacktrace]
#0 /Users/deepeshraj/Documents/GitHub/online-tuition/vendor/laravel/framework/src/Illuminate/Foundation/Bootstrap/HandleExceptions.php(254): Illuminate\\Foundation\\Bootstrap\\HandleExceptions->handleError(2, 'require(/Users/...', '/Users/deepeshr...', 17)
#1 /Users/deepeshraj/Documents/GitHub/online-tuition/app/Providers/BroadcastServiceProvider.php(17): Illuminate\\Foundation\\Bootstrap\\HandleExceptions->Illuminate\\Foundation\\Bootstrap\\{closure}(2, 'require(/Users/...', '/Users/deepeshr...', 17)
#2 /Users/deepeshraj/Documents/GitHub/online-tuition/app/Providers/BroadcastServiceProvider.php(17): require('/Users/deepeshr...')
#3 /Users/deepeshraj/Documents/GitHub/online-tuition/vendor/laravel/framework/src/Illuminate/Container/BoundMethod.php(36): App\\Providers\\BroadcastServiceProvider->boot()
#4 /Users/deepeshraj/Documents/GitHub/online-tuition/vendor/laravel/framework/src/Illuminate/Container/Util.php(41): Illuminate\\Container\\BoundMethod::Illuminate\\Container\\{closure}()
#5 /Users/deepeshraj/Documents/GitHub/online-tuition/vendor/laravel/framework/src/Illuminate/Container/BoundMethod.php(93): Illuminate\\Container\\Util::unwrapIfClosure(Object(Closure))
#6 /Users/deepeshraj/Documents/GitHub/online-tuition/vendor/laravel/framework/src/Illuminate/Container/BoundMethod.php(35): Illuminate\\Container\\BoundMethod::callBoundMethod(Object(Illuminate\\Foundation\\Application), Array, Object(Closure))
#7 /Users/deepeshraj/Documents/GitHub/online-tuition/vendor/laravel/framework/src/Illuminate/Container/Container.php(662): Illuminate\\Container\\BoundMethod::call(Object(Illuminate\\Foundation\\Application), Array, Array, NULL)
#8 /Users/deepeshraj/Documents/GitHub/online-tuition/vendor/laravel/framework/src/Illuminate/Foundation/Application.php(1010): Illuminate\\Container\\Container->call(Array)
#9 /Users/deepeshraj/Documents/GitHub/online-tuition/vendor/laravel/framework/src/Illuminate/Foundation/Application.php(991): Illuminate\\Foundation\\Application->bootProvider(Object(App\\Providers\\BroadcastServiceProvider))
#10 [internal function]: Illuminate\\Foundation\\Application->Illuminate\\Foundation\\{closure}(Object(App\\Providers\\BroadcastServiceProvider), 29)
#11 /Users/deepeshraj/Documents/GitHub/online-tuition/vendor/laravel/framework/src/Illuminate/Foundation/Application.php(990): array_walk(Array, Object(Closure))
#12 /Users/deepeshraj/Documents/GitHub/online-tuition/vendor/laravel/framework/src/Illuminate/Foundation/Bootstrap/BootProviders.php(17): Illuminate\\Foundation\\Application->boot()
#13 /Users/deepeshraj/Documents/GitHub/online-tuition/vendor/laravel/framework/src/Illuminate/Foundation/Application.php(261): Illuminate\\Foundation\\Bootstrap\\BootProviders->bootstrap(Object(Illuminate\\Foundation\\Application))
#14 /Users/deepeshraj/Documents/GitHub/online-tuition/vendor/laravel/framework/src/Illuminate/Foundation/Console/Kernel.php(447): Illuminate\\Foundation\\Application->bootstrapWith(Array)
#15 /Users/deepeshraj/Documents/GitHub/online-tuition/vendor/laravel/framework/src/Illuminate/Foundation/Console/Kernel.php(199): Illuminate\\Foundation\\Console\\Kernel->bootstrap()
#16 Command line code(1): Illuminate\\Foundation\\Console\\Kernel->handle(Object(Symfony\\Component\\Console\\Input\\ArgvInput), Object(Symfony\\Component\\Console\\Output\\ConsoleOutput))
#17 {main}
"} 
[2024-10-24 14:19:55] local.ERROR: require(/Users/deepeshraj/Documents/GitHub/online-tuition/routes/channels.php): Failed to open stream: No such file or directory {"exception":"[object] (ErrorException(code: 0): require(/Users/deepeshraj/Documents/GitHub/online-tuition/routes/channels.php): Failed to open stream: No such file or directory at /Users/deepeshraj/Documents/GitHub/online-tuition/app/Providers/BroadcastServiceProvider.php:17)
[stacktrace]
#0 /Users/deepeshraj/Documents/GitHub/online-tuition/vendor/laravel/framework/src/Illuminate/Foundation/Bootstrap/HandleExceptions.php(254): Illuminate\\Foundation\\Bootstrap\\HandleExceptions->handleError(2, 'require(/Users/...', '/Users/deepeshr...', 17)
#1 /Users/deepeshraj/Documents/GitHub/online-tuition/app/Providers/BroadcastServiceProvider.php(17): Illuminate\\Foundation\\Bootstrap\\HandleExceptions->Illuminate\\Foundation\\Bootstrap\\{closure}(2, 'require(/Users/...', '/Users/deepeshr...', 17)
#2 /Users/deepeshraj/Documents/GitHub/online-tuition/app/Providers/BroadcastServiceProvider.php(17): require('/Users/deepeshr...')
#3 /Users/deepeshraj/Documents/GitHub/online-tuition/vendor/laravel/framework/src/Illuminate/Container/BoundMethod.php(36): App\\Providers\\BroadcastServiceProvider->boot()
#4 /Users/deepeshraj/Documents/GitHub/online-tuition/vendor/laravel/framework/src/Illuminate/Container/Util.php(41): Illuminate\\Container\\BoundMethod::Illuminate\\Container\\{closure}()
#5 /Users/deepeshraj/Documents/GitHub/online-tuition/vendor/laravel/framework/src/Illuminate/Container/BoundMethod.php(93): Illuminate\\Container\\Util::unwrapIfClosure(Object(Closure))
#6 /Users/deepeshraj/Documents/GitHub/online-tuition/vendor/laravel/framework/src/Illuminate/Container/BoundMethod.php(35): Illuminate\\Container\\BoundMethod::callBoundMethod(Object(Illuminate\\Foundation\\Application), Array, Object(Closure))
#7 /Users/deepeshraj/Documents/GitHub/online-tuition/vendor/laravel/framework/src/Illuminate/Container/Container.php(662): Illuminate\\Container\\BoundMethod::call(Object(Illuminate\\Foundation\\Application), Array, Array, NULL)
#8 /Users/deepeshraj/Documents/GitHub/online-tuition/vendor/laravel/framework/src/Illuminate/Foundation/Application.php(1010): Illuminate\\Container\\Container->call(Array)
#9 /Users/deepeshraj/Documents/GitHub/online-tuition/vendor/laravel/framework/src/Illuminate/Foundation/Application.php(991): Illuminate\\Foundation\\Application->bootProvider(Object(App\\Providers\\BroadcastServiceProvider))
#10 [internal function]: Illuminate\\Foundation\\Application->Illuminate\\Foundation\\{closure}(Object(App\\Providers\\BroadcastServiceProvider), 29)
#11 /Users/deepeshraj/Documents/GitHub/online-tuition/vendor/laravel/framework/src/Illuminate/Foundation/Application.php(990): array_walk(Array, Object(Closure))
#12 /Users/deepeshraj/Documents/GitHub/online-tuition/vendor/laravel/framework/src/Illuminate/Foundation/Bootstrap/BootProviders.php(17): Illuminate\\Foundation\\Application->boot()
#13 /Users/deepeshraj/Documents/GitHub/online-tuition/vendor/laravel/framework/src/Illuminate/Foundation/Application.php(261): Illuminate\\Foundation\\Bootstrap\\BootProviders->bootstrap(Object(Illuminate\\Foundation\\Application))
#14 /Users/deepeshraj/Documents/GitHub/online-tuition/vendor/laravel/framework/src/Illuminate/Foundation/Console/Kernel.php(447): Illuminate\\Foundation\\Application->bootstrapWith(Array)
#15 /Users/deepeshraj/Documents/GitHub/online-tuition/vendor/laravel/framework/src/Illuminate/Foundation/Console/Kernel.php(199): Illuminate\\Foundation\\Console\\Kernel->bootstrap()
#16 Command line code(1): Illuminate\\Foundation\\Console\\Kernel->handle(Object(Symfony\\Component\\Console\\Input\\ArgvInput), Object(Symfony\\Component\\Console\\Output\\ConsoleOutput))
#17 {main}
"} 
[2024-10-24 14:19:55] local.ERROR: require(/Users/deepeshraj/Documents/GitHub/online-tuition/routes/channels.php): Failed to open stream: No such file or directory {"exception":"[object] (ErrorException(code: 0): require(/Users/deepeshraj/Documents/GitHub/online-tuition/routes/channels.php): Failed to open stream: No such file or directory at /Users/deepeshraj/Documents/GitHub/online-tuition/app/Providers/BroadcastServiceProvider.php:17)
[stacktrace]
#0 /Users/deepeshraj/Documents/GitHub/online-tuition/vendor/laravel/framework/src/Illuminate/Foundation/Bootstrap/HandleExceptions.php(254): Illuminate\\Foundation\\Bootstrap\\HandleExceptions->handleError(2, 'require(/Users/...', '/Users/deepeshr...', 17)
#1 /Users/deepeshraj/Documents/GitHub/online-tuition/app/Providers/BroadcastServiceProvider.php(17): Illuminate\\Foundation\\Bootstrap\\HandleExceptions->Illuminate\\Foundation\\Bootstrap\\{closure}(2, 'require(/Users/...', '/Users/deepeshr...', 17)
#2 /Users/deepeshraj/Documents/GitHub/online-tuition/app/Providers/BroadcastServiceProvider.php(17): require('/Users/deepeshr...')
#3 /Users/deepeshraj/Documents/GitHub/online-tuition/vendor/laravel/framework/src/Illuminate/Container/BoundMethod.php(36): App\\Providers\\BroadcastServiceProvider->boot()
#4 /Users/deepeshraj/Documents/GitHub/online-tuition/vendor/laravel/framework/src/Illuminate/Container/Util.php(41): Illuminate\\Container\\BoundMethod::Illuminate\\Container\\{closure}()
#5 /Users/deepeshraj/Documents/GitHub/online-tuition/vendor/laravel/framework/src/Illuminate/Container/BoundMethod.php(93): Illuminate\\Container\\Util::unwrapIfClosure(Object(Closure))
#6 /Users/deepeshraj/Documents/GitHub/online-tuition/vendor/laravel/framework/src/Illuminate/Container/BoundMethod.php(35): Illuminate\\Container\\BoundMethod::callBoundMethod(Object(Illuminate\\Foundation\\Application), Array, Object(Closure))
#7 /Users/deepeshraj/Documents/GitHub/online-tuition/vendor/laravel/framework/src/Illuminate/Container/Container.php(662): Illuminate\\Container\\BoundMethod::call(Object(Illuminate\\Foundation\\Application), Array, Array, NULL)
#8 /Users/deepeshraj/Documents/GitHub/online-tuition/vendor/laravel/framework/src/Illuminate/Foundation/Application.php(1010): Illuminate\\Container\\Container->call(Array)
#9 /Users/deepeshraj/Documents/GitHub/online-tuition/vendor/laravel/framework/src/Illuminate/Foundation/Application.php(991): Illuminate\\Foundation\\Application->bootProvider(Object(App\\Providers\\BroadcastServiceProvider))
#10 [internal function]: Illuminate\\Foundation\\Application->Illuminate\\Foundation\\{closure}(Object(App\\Providers\\BroadcastServiceProvider), 29)
#11 /Users/deepeshraj/Documents/GitHub/online-tuition/vendor/laravel/framework/src/Illuminate/Foundation/Application.php(990): array_walk(Array, Object(Closure))
#12 /Users/deepeshraj/Documents/GitHub/online-tuition/vendor/laravel/framework/src/Illuminate/Foundation/Bootstrap/BootProviders.php(17): Illuminate\\Foundation\\Application->boot()
#13 /Users/deepeshraj/Documents/GitHub/online-tuition/vendor/laravel/framework/src/Illuminate/Foundation/Application.php(261): Illuminate\\Foundation\\Bootstrap\\BootProviders->bootstrap(Object(Illuminate\\Foundation\\Application))
#14 /Users/deepeshraj/Documents/GitHub/online-tuition/vendor/laravel/framework/src/Illuminate/Foundation/Console/Kernel.php(447): Illuminate\\Foundation\\Application->bootstrapWith(Array)
#15 /Users/deepeshraj/Documents/GitHub/online-tuition/vendor/laravel/framework/src/Illuminate/Foundation/Console/Kernel.php(199): Illuminate\\Foundation\\Console\\Kernel->bootstrap()
#16 Command line code(1): Illuminate\\Foundation\\Console\\Kernel->handle(Object(Symfony\\Component\\Console\\Input\\ArgvInput), Object(Symfony\\Component\\Console\\Output\\ConsoleOutput))
#17 {main}
"} 
[2024-10-24 14:19:55] local.ERROR: require(/Users/deepeshraj/Documents/GitHub/online-tuition/routes/channels.php): Failed to open stream: No such file or directory {"exception":"[object] (ErrorException(code: 0): require(/Users/deepeshraj/Documents/GitHub/online-tuition/routes/channels.php): Failed to open stream: No such file or directory at /Users/deepeshraj/Documents/GitHub/online-tuition/app/Providers/BroadcastServiceProvider.php:17)
[stacktrace]
#0 /Users/deepeshraj/Documents/GitHub/online-tuition/vendor/laravel/framework/src/Illuminate/Foundation/Bootstrap/HandleExceptions.php(254): Illuminate\\Foundation\\Bootstrap\\HandleExceptions->handleError(2, 'require(/Users/...', '/Users/deepeshr...', 17)
#1 /Users/deepeshraj/Documents/GitHub/online-tuition/app/Providers/BroadcastServiceProvider.php(17): Illuminate\\Foundation\\Bootstrap\\HandleExceptions->Illuminate\\Foundation\\Bootstrap\\{closure}(2, 'require(/Users/...', '/Users/deepeshr...', 17)
#2 /Users/deepeshraj/Documents/GitHub/online-tuition/app/Providers/BroadcastServiceProvider.php(17): require('/Users/deepeshr...')
#3 /Users/deepeshraj/Documents/GitHub/online-tuition/vendor/laravel/framework/src/Illuminate/Container/BoundMethod.php(36): App\\Providers\\BroadcastServiceProvider->boot()
#4 /Users/deepeshraj/Documents/GitHub/online-tuition/vendor/laravel/framework/src/Illuminate/Container/Util.php(41): Illuminate\\Container\\BoundMethod::Illuminate\\Container\\{closure}()
#5 /Users/deepeshraj/Documents/GitHub/online-tuition/vendor/laravel/framework/src/Illuminate/Container/BoundMethod.php(93): Illuminate\\Container\\Util::unwrapIfClosure(Object(Closure))
#6 /Users/deepeshraj/Documents/GitHub/online-tuition/vendor/laravel/framework/src/Illuminate/Container/BoundMethod.php(35): Illuminate\\Container\\BoundMethod::callBoundMethod(Object(Illuminate\\Foundation\\Application), Array, Object(Closure))
#7 /Users/deepeshraj/Documents/GitHub/online-tuition/vendor/laravel/framework/src/Illuminate/Container/Container.php(662): Illuminate\\Container\\BoundMethod::call(Object(Illuminate\\Foundation\\Application), Array, Array, NULL)
#8 /Users/deepeshraj/Documents/GitHub/online-tuition/vendor/laravel/framework/src/Illuminate/Foundation/Application.php(1010): Illuminate\\Container\\Container->call(Array)
#9 /Users/deepeshraj/Documents/GitHub/online-tuition/vendor/laravel/framework/src/Illuminate/Foundation/Application.php(991): Illuminate\\Foundation\\Application->bootProvider(Object(App\\Providers\\BroadcastServiceProvider))
#10 [internal function]: Illuminate\\Foundation\\Application->Illuminate\\Foundation\\{closure}(Object(App\\Providers\\BroadcastServiceProvider), 29)
#11 /Users/deepeshraj/Documents/GitHub/online-tuition/vendor/laravel/framework/src/Illuminate/Foundation/Application.php(990): array_walk(Array, Object(Closure))
#12 /Users/deepeshraj/Documents/GitHub/online-tuition/vendor/laravel/framework/src/Illuminate/Foundation/Bootstrap/BootProviders.php(17): Illuminate\\Foundation\\Application->boot()
#13 /Users/deepeshraj/Documents/GitHub/online-tuition/vendor/laravel/framework/src/Illuminate/Foundation/Application.php(261): Illuminate\\Foundation\\Bootstrap\\BootProviders->bootstrap(Object(Illuminate\\Foundation\\Application))
#14 /Users/deepeshraj/Documents/GitHub/online-tuition/vendor/laravel/framework/src/Illuminate/Foundation/Console/Kernel.php(447): Illuminate\\Foundation\\Application->bootstrapWith(Array)
#15 /Users/deepeshraj/Documents/GitHub/online-tuition/vendor/laravel/framework/src/Illuminate/Foundation/Console/Kernel.php(199): Illuminate\\Foundation\\Console\\Kernel->bootstrap()
#16 Command line code(1): Illuminate\\Foundation\\Console\\Kernel->handle(Object(Symfony\\Component\\Console\\Input\\ArgvInput), Object(Symfony\\Component\\Console\\Output\\ConsoleOutput))
#17 {main}
"} 
[2024-10-24 14:19:55] local.ERROR: require(/Users/deepeshraj/Documents/GitHub/online-tuition/routes/channels.php): Failed to open stream: No such file or directory {"exception":"[object] (ErrorException(code: 0): require(/Users/deepeshraj/Documents/GitHub/online-tuition/routes/channels.php): Failed to open stream: No such file or directory at /Users/deepeshraj/Documents/GitHub/online-tuition/app/Providers/BroadcastServiceProvider.php:17)
[stacktrace]
#0 /Users/deepeshraj/Documents/GitHub/online-tuition/vendor/laravel/framework/src/Illuminate/Foundation/Bootstrap/HandleExceptions.php(254): Illuminate\\Foundation\\Bootstrap\\HandleExceptions->handleError(2, 'require(/Users/...', '/Users/deepeshr...', 17)
#1 /Users/deepeshraj/Documents/GitHub/online-tuition/app/Providers/BroadcastServiceProvider.php(17): Illuminate\\Foundation\\Bootstrap\\HandleExceptions->Illuminate\\Foundation\\Bootstrap\\{closure}(2, 'require(/Users/...', '/Users/deepeshr...', 17)
#2 /Users/deepeshraj/Documents/GitHub/online-tuition/app/Providers/BroadcastServiceProvider.php(17): require('/Users/deepeshr...')
#3 /Users/deepeshraj/Documents/GitHub/online-tuition/vendor/laravel/framework/src/Illuminate/Container/BoundMethod.php(36): App\\Providers\\BroadcastServiceProvider->boot()
#4 /Users/deepeshraj/Documents/GitHub/online-tuition/vendor/laravel/framework/src/Illuminate/Container/Util.php(41): Illuminate\\Container\\BoundMethod::Illuminate\\Container\\{closure}()
#5 /Users/deepeshraj/Documents/GitHub/online-tuition/vendor/laravel/framework/src/Illuminate/Container/BoundMethod.php(93): Illuminate\\Container\\Util::unwrapIfClosure(Object(Closure))
#6 /Users/deepeshraj/Documents/GitHub/online-tuition/vendor/laravel/framework/src/Illuminate/Container/BoundMethod.php(35): Illuminate\\Container\\BoundMethod::callBoundMethod(Object(Illuminate\\Foundation\\Application), Array, Object(Closure))
#7 /Users/deepeshraj/Documents/GitHub/online-tuition/vendor/laravel/framework/src/Illuminate/Container/Container.php(662): Illuminate\\Container\\BoundMethod::call(Object(Illuminate\\Foundation\\Application), Array, Array, NULL)
#8 /Users/deepeshraj/Documents/GitHub/online-tuition/vendor/laravel/framework/src/Illuminate/Foundation/Application.php(1010): Illuminate\\Container\\Container->call(Array)
#9 /Users/deepeshraj/Documents/GitHub/online-tuition/vendor/laravel/framework/src/Illuminate/Foundation/Application.php(991): Illuminate\\Foundation\\Application->bootProvider(Object(App\\Providers\\BroadcastServiceProvider))
#10 [internal function]: Illuminate\\Foundation\\Application->Illuminate\\Foundation\\{closure}(Object(App\\Providers\\BroadcastServiceProvider), 29)
#11 /Users/deepeshraj/Documents/GitHub/online-tuition/vendor/laravel/framework/src/Illuminate/Foundation/Application.php(990): array_walk(Array, Object(Closure))
#12 /Users/deepeshraj/Documents/GitHub/online-tuition/vendor/laravel/framework/src/Illuminate/Foundation/Bootstrap/BootProviders.php(17): Illuminate\\Foundation\\Application->boot()
#13 /Users/deepeshraj/Documents/GitHub/online-tuition/vendor/laravel/framework/src/Illuminate/Foundation/Application.php(261): Illuminate\\Foundation\\Bootstrap\\BootProviders->bootstrap(Object(Illuminate\\Foundation\\Application))
#14 /Users/deepeshraj/Documents/GitHub/online-tuition/vendor/laravel/framework/src/Illuminate/Foundation/Console/Kernel.php(447): Illuminate\\Foundation\\Application->bootstrapWith(Array)
#15 /Users/deepeshraj/Documents/GitHub/online-tuition/vendor/laravel/framework/src/Illuminate/Foundation/Console/Kernel.php(199): Illuminate\\Foundation\\Console\\Kernel->bootstrap()
#16 Command line code(1): Illuminate\\Foundation\\Console\\Kernel->handle(Object(Symfony\\Component\\Console\\Input\\ArgvInput), Object(Symfony\\Component\\Console\\Output\\ConsoleOutput))
#17 {main}
"} 
[2024-10-24 14:19:55] local.ERROR: require(/Users/deepeshraj/Documents/GitHub/online-tuition/routes/channels.php): Failed to open stream: No such file or directory {"exception":"[object] (ErrorException(code: 0): require(/Users/deepeshraj/Documents/GitHub/online-tuition/routes/channels.php): Failed to open stream: No such file or directory at /Users/deepeshraj/Documents/GitHub/online-tuition/app/Providers/BroadcastServiceProvider.php:17)
[stacktrace]
#0 /Users/deepeshraj/Documents/GitHub/online-tuition/vendor/laravel/framework/src/Illuminate/Foundation/Bootstrap/HandleExceptions.php(254): Illuminate\\Foundation\\Bootstrap\\HandleExceptions->handleError(2, 'require(/Users/...', '/Users/deepeshr...', 17)
#1 /Users/deepeshraj/Documents/GitHub/online-tuition/app/Providers/BroadcastServiceProvider.php(17): Illuminate\\Foundation\\Bootstrap\\HandleExceptions->Illuminate\\Foundation\\Bootstrap\\{closure}(2, 'require(/Users/...', '/Users/deepeshr...', 17)
#2 /Users/deepeshraj/Documents/GitHub/online-tuition/app/Providers/BroadcastServiceProvider.php(17): require('/Users/deepeshr...')
#3 /Users/deepeshraj/Documents/GitHub/online-tuition/vendor/laravel/framework/src/Illuminate/Container/BoundMethod.php(36): App\\Providers\\BroadcastServiceProvider->boot()
#4 /Users/deepeshraj/Documents/GitHub/online-tuition/vendor/laravel/framework/src/Illuminate/Container/Util.php(41): Illuminate\\Container\\BoundMethod::Illuminate\\Container\\{closure}()
#5 /Users/deepeshraj/Documents/GitHub/online-tuition/vendor/laravel/framework/src/Illuminate/Container/BoundMethod.php(93): Illuminate\\Container\\Util::unwrapIfClosure(Object(Closure))
#6 /Users/deepeshraj/Documents/GitHub/online-tuition/vendor/laravel/framework/src/Illuminate/Container/BoundMethod.php(35): Illuminate\\Container\\BoundMethod::callBoundMethod(Object(Illuminate\\Foundation\\Application), Array, Object(Closure))
#7 /Users/deepeshraj/Documents/GitHub/online-tuition/vendor/laravel/framework/src/Illuminate/Container/Container.php(662): Illuminate\\Container\\BoundMethod::call(Object(Illuminate\\Foundation\\Application), Array, Array, NULL)
#8 /Users/deepeshraj/Documents/GitHub/online-tuition/vendor/laravel/framework/src/Illuminate/Foundation/Application.php(1010): Illuminate\\Container\\Container->call(Array)
#9 /Users/deepeshraj/Documents/GitHub/online-tuition/vendor/laravel/framework/src/Illuminate/Foundation/Application.php(991): Illuminate\\Foundation\\Application->bootProvider(Object(App\\Providers\\BroadcastServiceProvider))
#10 [internal function]: Illuminate\\Foundation\\Application->Illuminate\\Foundation\\{closure}(Object(App\\Providers\\BroadcastServiceProvider), 29)
#11 /Users/deepeshraj/Documents/GitHub/online-tuition/vendor/laravel/framework/src/Illuminate/Foundation/Application.php(990): array_walk(Array, Object(Closure))
#12 /Users/deepeshraj/Documents/GitHub/online-tuition/vendor/laravel/framework/src/Illuminate/Foundation/Bootstrap/BootProviders.php(17): Illuminate\\Foundation\\Application->boot()
#13 /Users/deepeshraj/Documents/GitHub/online-tuition/vendor/laravel/framework/src/Illuminate/Foundation/Application.php(261): Illuminate\\Foundation\\Bootstrap\\BootProviders->bootstrap(Object(Illuminate\\Foundation\\Application))
#14 /Users/deepeshraj/Documents/GitHub/online-tuition/vendor/laravel/framework/src/Illuminate/Foundation/Console/Kernel.php(447): Illuminate\\Foundation\\Application->bootstrapWith(Array)
#15 /Users/deepeshraj/Documents/GitHub/online-tuition/vendor/laravel/framework/src/Illuminate/Foundation/Console/Kernel.php(199): Illuminate\\Foundation\\Console\\Kernel->bootstrap()
#16 Command line code(1): Illuminate\\Foundation\\Console\\Kernel->handle(Object(Symfony\\Component\\Console\\Input\\ArgvInput), Object(Symfony\\Component\\Console\\Output\\ConsoleOutput))
#17 {main}
"} 
[2024-10-24 14:19:55] local.ERROR: require(/Users/deepeshraj/Documents/GitHub/online-tuition/routes/channels.php): Failed to open stream: No such file or directory {"exception":"[object] (ErrorException(code: 0): require(/Users/deepeshraj/Documents/GitHub/online-tuition/routes/channels.php): Failed to open stream: No such file or directory at /Users/deepeshraj/Documents/GitHub/online-tuition/app/Providers/BroadcastServiceProvider.php:17)
[stacktrace]
#0 /Users/deepeshraj/Documents/GitHub/online-tuition/vendor/laravel/framework/src/Illuminate/Foundation/Bootstrap/HandleExceptions.php(254): Illuminate\\Foundation\\Bootstrap\\HandleExceptions->handleError(2, 'require(/Users/...', '/Users/deepeshr...', 17)
#1 /Users/deepeshraj/Documents/GitHub/online-tuition/app/Providers/BroadcastServiceProvider.php(17): Illuminate\\Foundation\\Bootstrap\\HandleExceptions->Illuminate\\Foundation\\Bootstrap\\{closure}(2, 'require(/Users/...', '/Users/deepeshr...', 17)
#2 /Users/deepeshraj/Documents/GitHub/online-tuition/app/Providers/BroadcastServiceProvider.php(17): require('/Users/deepeshr...')
#3 /Users/deepeshraj/Documents/GitHub/online-tuition/vendor/laravel/framework/src/Illuminate/Container/BoundMethod.php(36): App\\Providers\\BroadcastServiceProvider->boot()
#4 /Users/deepeshraj/Documents/GitHub/online-tuition/vendor/laravel/framework/src/Illuminate/Container/Util.php(41): Illuminate\\Container\\BoundMethod::Illuminate\\Container\\{closure}()
#5 /Users/deepeshraj/Documents/GitHub/online-tuition/vendor/laravel/framework/src/Illuminate/Container/BoundMethod.php(93): Illuminate\\Container\\Util::unwrapIfClosure(Object(Closure))
#6 /Users/deepeshraj/Documents/GitHub/online-tuition/vendor/laravel/framework/src/Illuminate/Container/BoundMethod.php(35): Illuminate\\Container\\BoundMethod::callBoundMethod(Object(Illuminate\\Foundation\\Application), Array, Object(Closure))
#7 /Users/deepeshraj/Documents/GitHub/online-tuition/vendor/laravel/framework/src/Illuminate/Container/Container.php(662): Illuminate\\Container\\BoundMethod::call(Object(Illuminate\\Foundation\\Application), Array, Array, NULL)
#8 /Users/deepeshraj/Documents/GitHub/online-tuition/vendor/laravel/framework/src/Illuminate/Foundation/Application.php(1010): Illuminate\\Container\\Container->call(Array)
#9 /Users/deepeshraj/Documents/GitHub/online-tuition/vendor/laravel/framework/src/Illuminate/Foundation/Application.php(991): Illuminate\\Foundation\\Application->bootProvider(Object(App\\Providers\\BroadcastServiceProvider))
#10 [internal function]: Illuminate\\Foundation\\Application->Illuminate\\Foundation\\{closure}(Object(App\\Providers\\BroadcastServiceProvider), 29)
#11 /Users/deepeshraj/Documents/GitHub/online-tuition/vendor/laravel/framework/src/Illuminate/Foundation/Application.php(990): array_walk(Array, Object(Closure))
#12 /Users/deepeshraj/Documents/GitHub/online-tuition/vendor/laravel/framework/src/Illuminate/Foundation/Bootstrap/BootProviders.php(17): Illuminate\\Foundation\\Application->boot()
#13 /Users/deepeshraj/Documents/GitHub/online-tuition/vendor/laravel/framework/src/Illuminate/Foundation/Application.php(261): Illuminate\\Foundation\\Bootstrap\\BootProviders->bootstrap(Object(Illuminate\\Foundation\\Application))
#14 /Users/deepeshraj/Documents/GitHub/online-tuition/vendor/laravel/framework/src/Illuminate/Foundation/Console/Kernel.php(447): Illuminate\\Foundation\\Application->bootstrapWith(Array)
#15 /Users/deepeshraj/Documents/GitHub/online-tuition/vendor/laravel/framework/src/Illuminate/Foundation/Console/Kernel.php(199): Illuminate\\Foundation\\Console\\Kernel->bootstrap()
#16 Command line code(1): Illuminate\\Foundation\\Console\\Kernel->handle(Object(Symfony\\Component\\Console\\Input\\ArgvInput), Object(Symfony\\Component\\Console\\Output\\ConsoleOutput))
#17 {main}
"} 
[2024-10-24 14:20:03] local.ERROR: require(/Users/deepeshraj/Documents/GitHub/online-tuition/routes/channels.php): Failed to open stream: No such file or directory {"exception":"[object] (ErrorException(code: 0): require(/Users/deepeshraj/Documents/GitHub/online-tuition/routes/channels.php): Failed to open stream: No such file or directory at /Users/deepeshraj/Documents/GitHub/online-tuition/app/Providers/BroadcastServiceProvider.php:17)
[stacktrace]
#0 /Users/deepeshraj/Documents/GitHub/online-tuition/vendor/laravel/framework/src/Illuminate/Foundation/Bootstrap/HandleExceptions.php(254): Illuminate\\Foundation\\Bootstrap\\HandleExceptions->handleError(2, 'require(/Users/...', '/Users/deepeshr...', 17)
#1 /Users/deepeshraj/Documents/GitHub/online-tuition/app/Providers/BroadcastServiceProvider.php(17): Illuminate\\Foundation\\Bootstrap\\HandleExceptions->Illuminate\\Foundation\\Bootstrap\\{closure}(2, 'require(/Users/...', '/Users/deepeshr...', 17)
#2 /Users/deepeshraj/Documents/GitHub/online-tuition/app/Providers/BroadcastServiceProvider.php(17): require('/Users/deepeshr...')
#3 /Users/deepeshraj/Documents/GitHub/online-tuition/vendor/laravel/framework/src/Illuminate/Container/BoundMethod.php(36): App\\Providers\\BroadcastServiceProvider->boot()
#4 /Users/deepeshraj/Documents/GitHub/online-tuition/vendor/laravel/framework/src/Illuminate/Container/Util.php(41): Illuminate\\Container\\BoundMethod::Illuminate\\Container\\{closure}()
#5 /Users/deepeshraj/Documents/GitHub/online-tuition/vendor/laravel/framework/src/Illuminate/Container/BoundMethod.php(93): Illuminate\\Container\\Util::unwrapIfClosure(Object(Closure))
#6 /Users/deepeshraj/Documents/GitHub/online-tuition/vendor/laravel/framework/src/Illuminate/Container/BoundMethod.php(35): Illuminate\\Container\\BoundMethod::callBoundMethod(Object(Illuminate\\Foundation\\Application), Array, Object(Closure))
#7 /Users/deepeshraj/Documents/GitHub/online-tuition/vendor/laravel/framework/src/Illuminate/Container/Container.php(662): Illuminate\\Container\\BoundMethod::call(Object(Illuminate\\Foundation\\Application), Array, Array, NULL)
#8 /Users/deepeshraj/Documents/GitHub/online-tuition/vendor/laravel/framework/src/Illuminate/Foundation/Application.php(1010): Illuminate\\Container\\Container->call(Array)
#9 /Users/deepeshraj/Documents/GitHub/online-tuition/vendor/laravel/framework/src/Illuminate/Foundation/Application.php(991): Illuminate\\Foundation\\Application->bootProvider(Object(App\\Providers\\BroadcastServiceProvider))
#10 [internal function]: Illuminate\\Foundation\\Application->Illuminate\\Foundation\\{closure}(Object(App\\Providers\\BroadcastServiceProvider), 28)
#11 /Users/deepeshraj/Documents/GitHub/online-tuition/vendor/laravel/framework/src/Illuminate/Foundation/Application.php(990): array_walk(Array, Object(Closure))
#12 /Users/deepeshraj/Documents/GitHub/online-tuition/vendor/laravel/framework/src/Illuminate/Foundation/Bootstrap/BootProviders.php(17): Illuminate\\Foundation\\Application->boot()
#13 /Users/deepeshraj/Documents/GitHub/online-tuition/vendor/laravel/framework/src/Illuminate/Foundation/Application.php(261): Illuminate\\Foundation\\Bootstrap\\BootProviders->bootstrap(Object(Illuminate\\Foundation\\Application))
#14 /Users/deepeshraj/Documents/GitHub/online-tuition/vendor/laravel/framework/src/Illuminate/Foundation/Console/Kernel.php(447): Illuminate\\Foundation\\Application->bootstrapWith(Array)
#15 /Users/deepeshraj/Documents/GitHub/online-tuition/vendor/laravel/framework/src/Illuminate/Foundation/Console/Kernel.php(199): Illuminate\\Foundation\\Console\\Kernel->bootstrap()
#16 /Users/deepeshraj/Documents/GitHub/online-tuition/artisan(35): Illuminate\\Foundation\\Console\\Kernel->handle(Object(Symfony\\Component\\Console\\Input\\ArgvInput), Object(Symfony\\Component\\Console\\Output\\ConsoleOutput))
#17 {main}
"} 
[2024-10-24 14:20:20] local.ERROR: require(/Users/deepeshraj/Documents/GitHub/online-tuition/routes/channels.php): Failed to open stream: No such file or directory {"exception":"[object] (ErrorException(code: 0): require(/Users/deepeshraj/Documents/GitHub/online-tuition/routes/channels.php): Failed to open stream: No such file or directory at /Users/deepeshraj/Documents/GitHub/online-tuition/app/Providers/BroadcastServiceProvider.php:17)
[stacktrace]
#0 /Users/deepeshraj/Documents/GitHub/online-tuition/vendor/laravel/framework/src/Illuminate/Foundation/Bootstrap/HandleExceptions.php(254): Illuminate\\Foundation\\Bootstrap\\HandleExceptions->handleError(2, 'require(/Users/...', '/Users/deepeshr...', 17)
#1 /Users/deepeshraj/Documents/GitHub/online-tuition/app/Providers/BroadcastServiceProvider.php(17): Illuminate\\Foundation\\Bootstrap\\HandleExceptions->Illuminate\\Foundation\\Bootstrap\\{closure}(2, 'require(/Users/...', '/Users/deepeshr...', 17)
#2 /Users/deepeshraj/Documents/GitHub/online-tuition/app/Providers/BroadcastServiceProvider.php(17): require('/Users/deepeshr...')
#3 /Users/deepeshraj/Documents/GitHub/online-tuition/vendor/laravel/framework/src/Illuminate/Container/BoundMethod.php(36): App\\Providers\\BroadcastServiceProvider->boot()
#4 /Users/deepeshraj/Documents/GitHub/online-tuition/vendor/laravel/framework/src/Illuminate/Container/Util.php(41): Illuminate\\Container\\BoundMethod::Illuminate\\Container\\{closure}()
#5 /Users/deepeshraj/Documents/GitHub/online-tuition/vendor/laravel/framework/src/Illuminate/Container/BoundMethod.php(93): Illuminate\\Container\\Util::unwrapIfClosure(Object(Closure))
#6 /Users/deepeshraj/Documents/GitHub/online-tuition/vendor/laravel/framework/src/Illuminate/Container/BoundMethod.php(35): Illuminate\\Container\\BoundMethod::callBoundMethod(Object(Illuminate\\Foundation\\Application), Array, Object(Closure))
#7 /Users/deepeshraj/Documents/GitHub/online-tuition/vendor/laravel/framework/src/Illuminate/Container/Container.php(662): Illuminate\\Container\\BoundMethod::call(Object(Illuminate\\Foundation\\Application), Array, Array, NULL)
#8 /Users/deepeshraj/Documents/GitHub/online-tuition/vendor/laravel/framework/src/Illuminate/Foundation/Application.php(1010): Illuminate\\Container\\Container->call(Array)
#9 /Users/deepeshraj/Documents/GitHub/online-tuition/vendor/laravel/framework/src/Illuminate/Foundation/Application.php(991): Illuminate\\Foundation\\Application->bootProvider(Object(App\\Providers\\BroadcastServiceProvider))
#10 [internal function]: Illuminate\\Foundation\\Application->Illuminate\\Foundation\\{closure}(Object(App\\Providers\\BroadcastServiceProvider), 28)
#11 /Users/deepeshraj/Documents/GitHub/online-tuition/vendor/laravel/framework/src/Illuminate/Foundation/Application.php(990): array_walk(Array, Object(Closure))
#12 /Users/deepeshraj/Documents/GitHub/online-tuition/vendor/laravel/framework/src/Illuminate/Foundation/Bootstrap/BootProviders.php(17): Illuminate\\Foundation\\Application->boot()
#13 /Users/deepeshraj/Documents/GitHub/online-tuition/vendor/laravel/framework/src/Illuminate/Foundation/Application.php(261): Illuminate\\Foundation\\Bootstrap\\BootProviders->bootstrap(Object(Illuminate\\Foundation\\Application))
#14 /Users/deepeshraj/Documents/GitHub/online-tuition/vendor/laravel/framework/src/Illuminate/Foundation/Console/Kernel.php(447): Illuminate\\Foundation\\Application->bootstrapWith(Array)
#15 /Users/deepeshraj/Documents/GitHub/online-tuition/vendor/laravel/framework/src/Illuminate/Foundation/Console/Kernel.php(199): Illuminate\\Foundation\\Console\\Kernel->bootstrap()
#16 /Users/deepeshraj/Documents/GitHub/online-tuition/artisan(35): Illuminate\\Foundation\\Console\\Kernel->handle(Object(Symfony\\Component\\Console\\Input\\ArgvInput), Object(Symfony\\Component\\Console\\Output\\ConsoleOutput))
#17 {main}
"} 
[2024-10-24 14:20:37] local.ERROR: require(/Users/deepeshraj/Documents/GitHub/online-tuition/routes/channels.php): Failed to open stream: No such file or directory {"exception":"[object] (ErrorException(code: 0): require(/Users/deepeshraj/Documents/GitHub/online-tuition/routes/channels.php): Failed to open stream: No such file or directory at /Users/deepeshraj/Documents/GitHub/online-tuition/app/Providers/BroadcastServiceProvider.php:17)
[stacktrace]
#0 /Users/deepeshraj/Documents/GitHub/online-tuition/vendor/laravel/framework/src/Illuminate/Foundation/Bootstrap/HandleExceptions.php(254): Illuminate\\Foundation\\Bootstrap\\HandleExceptions->handleError(2, 'require(/Users/...', '/Users/deepeshr...', 17)
#1 /Users/deepeshraj/Documents/GitHub/online-tuition/app/Providers/BroadcastServiceProvider.php(17): Illuminate\\Foundation\\Bootstrap\\HandleExceptions->Illuminate\\Foundation\\Bootstrap\\{closure}(2, 'require(/Users/...', '/Users/deepeshr...', 17)
#2 /Users/deepeshraj/Documents/GitHub/online-tuition/app/Providers/BroadcastServiceProvider.php(17): require('/Users/deepeshr...')
#3 /Users/deepeshraj/Documents/GitHub/online-tuition/vendor/laravel/framework/src/Illuminate/Container/BoundMethod.php(36): App\\Providers\\BroadcastServiceProvider->boot()
#4 /Users/deepeshraj/Documents/GitHub/online-tuition/vendor/laravel/framework/src/Illuminate/Container/Util.php(41): Illuminate\\Container\\BoundMethod::Illuminate\\Container\\{closure}()
#5 /Users/deepeshraj/Documents/GitHub/online-tuition/vendor/laravel/framework/src/Illuminate/Container/BoundMethod.php(93): Illuminate\\Container\\Util::unwrapIfClosure(Object(Closure))
#6 /Users/deepeshraj/Documents/GitHub/online-tuition/vendor/laravel/framework/src/Illuminate/Container/BoundMethod.php(35): Illuminate\\Container\\BoundMethod::callBoundMethod(Object(Illuminate\\Foundation\\Application), Array, Object(Closure))
#7 /Users/deepeshraj/Documents/GitHub/online-tuition/vendor/laravel/framework/src/Illuminate/Container/Container.php(662): Illuminate\\Container\\BoundMethod::call(Object(Illuminate\\Foundation\\Application), Array, Array, NULL)
#8 /Users/deepeshraj/Documents/GitHub/online-tuition/vendor/laravel/framework/src/Illuminate/Foundation/Application.php(1010): Illuminate\\Container\\Container->call(Array)
#9 /Users/deepeshraj/Documents/GitHub/online-tuition/vendor/laravel/framework/src/Illuminate/Foundation/Application.php(991): Illuminate\\Foundation\\Application->bootProvider(Object(App\\Providers\\BroadcastServiceProvider))
#10 [internal function]: Illuminate\\Foundation\\Application->Illuminate\\Foundation\\{closure}(Object(App\\Providers\\BroadcastServiceProvider), 28)
#11 /Users/deepeshraj/Documents/GitHub/online-tuition/vendor/laravel/framework/src/Illuminate/Foundation/Application.php(990): array_walk(Array, Object(Closure))
#12 /Users/deepeshraj/Documents/GitHub/online-tuition/vendor/laravel/framework/src/Illuminate/Foundation/Bootstrap/BootProviders.php(17): Illuminate\\Foundation\\Application->boot()
#13 /Users/deepeshraj/Documents/GitHub/online-tuition/vendor/laravel/framework/src/Illuminate/Foundation/Application.php(261): Illuminate\\Foundation\\Bootstrap\\BootProviders->bootstrap(Object(Illuminate\\Foundation\\Application))
#14 /Users/deepeshraj/Documents/GitHub/online-tuition/vendor/laravel/framework/src/Illuminate/Foundation/Console/Kernel.php(447): Illuminate\\Foundation\\Application->bootstrapWith(Array)
#15 /Users/deepeshraj/Documents/GitHub/online-tuition/vendor/laravel/framework/src/Illuminate/Foundation/Console/Kernel.php(199): Illuminate\\Foundation\\Console\\Kernel->bootstrap()
#16 /Users/deepeshraj/Documents/GitHub/online-tuition/artisan(35): Illuminate\\Foundation\\Console\\Kernel->handle(Object(Symfony\\Component\\Console\\Input\\ArgvInput), Object(Symfony\\Component\\Console\\Output\\ConsoleOutput))
#17 {main}
"} 
[2024-10-24 14:20:54] local.ERROR: require(/Users/deepeshraj/Documents/GitHub/online-tuition/routes/channels.php): Failed to open stream: No such file or directory {"exception":"[object] (ErrorException(code: 0): require(/Users/deepeshraj/Documents/GitHub/online-tuition/routes/channels.php): Failed to open stream: No such file or directory at /Users/deepeshraj/Documents/GitHub/online-tuition/app/Providers/BroadcastServiceProvider.php:17)
[stacktrace]
#0 /Users/deepeshraj/Documents/GitHub/online-tuition/vendor/laravel/framework/src/Illuminate/Foundation/Bootstrap/HandleExceptions.php(254): Illuminate\\Foundation\\Bootstrap\\HandleExceptions->handleError(2, 'require(/Users/...', '/Users/deepeshr...', 17)
#1 /Users/deepeshraj/Documents/GitHub/online-tuition/app/Providers/BroadcastServiceProvider.php(17): Illuminate\\Foundation\\Bootstrap\\HandleExceptions->Illuminate\\Foundation\\Bootstrap\\{closure}(2, 'require(/Users/...', '/Users/deepeshr...', 17)
#2 /Users/deepeshraj/Documents/GitHub/online-tuition/app/Providers/BroadcastServiceProvider.php(17): require('/Users/deepeshr...')
#3 /Users/deepeshraj/Documents/GitHub/online-tuition/vendor/laravel/framework/src/Illuminate/Container/BoundMethod.php(36): App\\Providers\\BroadcastServiceProvider->boot()
#4 /Users/deepeshraj/Documents/GitHub/online-tuition/vendor/laravel/framework/src/Illuminate/Container/Util.php(41): Illuminate\\Container\\BoundMethod::Illuminate\\Container\\{closure}()
#5 /Users/deepeshraj/Documents/GitHub/online-tuition/vendor/laravel/framework/src/Illuminate/Container/BoundMethod.php(93): Illuminate\\Container\\Util::unwrapIfClosure(Object(Closure))
#6 /Users/deepeshraj/Documents/GitHub/online-tuition/vendor/laravel/framework/src/Illuminate/Container/BoundMethod.php(35): Illuminate\\Container\\BoundMethod::callBoundMethod(Object(Illuminate\\Foundation\\Application), Array, Object(Closure))
#7 /Users/deepeshraj/Documents/GitHub/online-tuition/vendor/laravel/framework/src/Illuminate/Container/Container.php(662): Illuminate\\Container\\BoundMethod::call(Object(Illuminate\\Foundation\\Application), Array, Array, NULL)
#8 /Users/deepeshraj/Documents/GitHub/online-tuition/vendor/laravel/framework/src/Illuminate/Foundation/Application.php(1010): Illuminate\\Container\\Container->call(Array)
#9 /Users/deepeshraj/Documents/GitHub/online-tuition/vendor/laravel/framework/src/Illuminate/Foundation/Application.php(991): Illuminate\\Foundation\\Application->bootProvider(Object(App\\Providers\\BroadcastServiceProvider))
#10 [internal function]: Illuminate\\Foundation\\Application->Illuminate\\Foundation\\{closure}(Object(App\\Providers\\BroadcastServiceProvider), 29)
#11 /Users/deepeshraj/Documents/GitHub/online-tuition/vendor/laravel/framework/src/Illuminate/Foundation/Application.php(990): array_walk(Array, Object(Closure))
#12 /Users/deepeshraj/Documents/GitHub/online-tuition/vendor/laravel/framework/src/Illuminate/Foundation/Bootstrap/BootProviders.php(17): Illuminate\\Foundation\\Application->boot()
#13 /Users/deepeshraj/Documents/GitHub/online-tuition/vendor/laravel/framework/src/Illuminate/Foundation/Application.php(261): Illuminate\\Foundation\\Bootstrap\\BootProviders->bootstrap(Object(Illuminate\\Foundation\\Application))
#14 /Users/deepeshraj/Documents/GitHub/online-tuition/vendor/laravel/framework/src/Illuminate/Foundation/Console/Kernel.php(447): Illuminate\\Foundation\\Application->bootstrapWith(Array)
#15 /Users/deepeshraj/Documents/GitHub/online-tuition/vendor/laravel/framework/src/Illuminate/Foundation/Console/Kernel.php(199): Illuminate\\Foundation\\Console\\Kernel->bootstrap()
#16 Command line code(1): Illuminate\\Foundation\\Console\\Kernel->handle(Object(Symfony\\Component\\Console\\Input\\ArgvInput), Object(Symfony\\Component\\Console\\Output\\ConsoleOutput))
#17 {main}
"} 
[2024-10-24 14:20:54] local.ERROR: require(/Users/deepeshraj/Documents/GitHub/online-tuition/routes/channels.php): Failed to open stream: No such file or directory {"exception":"[object] (ErrorException(code: 0): require(/Users/deepeshraj/Documents/GitHub/online-tuition/routes/channels.php): Failed to open stream: No such file or directory at /Users/deepeshraj/Documents/GitHub/online-tuition/app/Providers/BroadcastServiceProvider.php:17)
[stacktrace]
#0 /Users/deepeshraj/Documents/GitHub/online-tuition/vendor/laravel/framework/src/Illuminate/Foundation/Bootstrap/HandleExceptions.php(254): Illuminate\\Foundation\\Bootstrap\\HandleExceptions->handleError(2, 'require(/Users/...', '/Users/deepeshr...', 17)
#1 /Users/deepeshraj/Documents/GitHub/online-tuition/app/Providers/BroadcastServiceProvider.php(17): Illuminate\\Foundation\\Bootstrap\\HandleExceptions->Illuminate\\Foundation\\Bootstrap\\{closure}(2, 'require(/Users/...', '/Users/deepeshr...', 17)
#2 /Users/deepeshraj/Documents/GitHub/online-tuition/app/Providers/BroadcastServiceProvider.php(17): require('/Users/deepeshr...')
#3 /Users/deepeshraj/Documents/GitHub/online-tuition/vendor/laravel/framework/src/Illuminate/Container/BoundMethod.php(36): App\\Providers\\BroadcastServiceProvider->boot()
#4 /Users/deepeshraj/Documents/GitHub/online-tuition/vendor/laravel/framework/src/Illuminate/Container/Util.php(41): Illuminate\\Container\\BoundMethod::Illuminate\\Container\\{closure}()
#5 /Users/deepeshraj/Documents/GitHub/online-tuition/vendor/laravel/framework/src/Illuminate/Container/BoundMethod.php(93): Illuminate\\Container\\Util::unwrapIfClosure(Object(Closure))
#6 /Users/deepeshraj/Documents/GitHub/online-tuition/vendor/laravel/framework/src/Illuminate/Container/BoundMethod.php(35): Illuminate\\Container\\BoundMethod::callBoundMethod(Object(Illuminate\\Foundation\\Application), Array, Object(Closure))
#7 /Users/deepeshraj/Documents/GitHub/online-tuition/vendor/laravel/framework/src/Illuminate/Container/Container.php(662): Illuminate\\Container\\BoundMethod::call(Object(Illuminate\\Foundation\\Application), Array, Array, NULL)
#8 /Users/deepeshraj/Documents/GitHub/online-tuition/vendor/laravel/framework/src/Illuminate/Foundation/Application.php(1010): Illuminate\\Container\\Container->call(Array)
#9 /Users/deepeshraj/Documents/GitHub/online-tuition/vendor/laravel/framework/src/Illuminate/Foundation/Application.php(991): Illuminate\\Foundation\\Application->bootProvider(Object(App\\Providers\\BroadcastServiceProvider))
#10 [internal function]: Illuminate\\Foundation\\Application->Illuminate\\Foundation\\{closure}(Object(App\\Providers\\BroadcastServiceProvider), 29)
#11 /Users/deepeshraj/Documents/GitHub/online-tuition/vendor/laravel/framework/src/Illuminate/Foundation/Application.php(990): array_walk(Array, Object(Closure))
#12 /Users/deepeshraj/Documents/GitHub/online-tuition/vendor/laravel/framework/src/Illuminate/Foundation/Bootstrap/BootProviders.php(17): Illuminate\\Foundation\\Application->boot()
#13 /Users/deepeshraj/Documents/GitHub/online-tuition/vendor/laravel/framework/src/Illuminate/Foundation/Application.php(261): Illuminate\\Foundation\\Bootstrap\\BootProviders->bootstrap(Object(Illuminate\\Foundation\\Application))
#14 /Users/deepeshraj/Documents/GitHub/online-tuition/vendor/laravel/framework/src/Illuminate/Foundation/Console/Kernel.php(447): Illuminate\\Foundation\\Application->bootstrapWith(Array)
#15 /Users/deepeshraj/Documents/GitHub/online-tuition/vendor/laravel/framework/src/Illuminate/Foundation/Console/Kernel.php(199): Illuminate\\Foundation\\Console\\Kernel->bootstrap()
#16 Command line code(1): Illuminate\\Foundation\\Console\\Kernel->handle(Object(Symfony\\Component\\Console\\Input\\ArgvInput), Object(Symfony\\Component\\Console\\Output\\ConsoleOutput))
#17 {main}
"} 
[2024-10-24 14:21:54] local.ERROR: require(/Users/deepeshraj/Documents/GitHub/online-tuition/routes/channels.php): Failed to open stream: No such file or directory {"exception":"[object] (ErrorException(code: 0): require(/Users/deepeshraj/Documents/GitHub/online-tuition/routes/channels.php): Failed to open stream: No such file or directory at /Users/deepeshraj/Documents/GitHub/online-tuition/app/Providers/BroadcastServiceProvider.php:17)
[stacktrace]
#0 /Users/deepeshraj/Documents/GitHub/online-tuition/vendor/laravel/framework/src/Illuminate/Foundation/Bootstrap/HandleExceptions.php(254): Illuminate\\Foundation\\Bootstrap\\HandleExceptions->handleError(2, 'require(/Users/...', '/Users/deepeshr...', 17)
#1 /Users/deepeshraj/Documents/GitHub/online-tuition/app/Providers/BroadcastServiceProvider.php(17): Illuminate\\Foundation\\Bootstrap\\HandleExceptions->Illuminate\\Foundation\\Bootstrap\\{closure}(2, 'require(/Users/...', '/Users/deepeshr...', 17)
#2 /Users/deepeshraj/Documents/GitHub/online-tuition/app/Providers/BroadcastServiceProvider.php(17): require('/Users/deepeshr...')
#3 /Users/deepeshraj/Documents/GitHub/online-tuition/vendor/laravel/framework/src/Illuminate/Container/BoundMethod.php(36): App\\Providers\\BroadcastServiceProvider->boot()
#4 /Users/deepeshraj/Documents/GitHub/online-tuition/vendor/laravel/framework/src/Illuminate/Container/Util.php(41): Illuminate\\Container\\BoundMethod::Illuminate\\Container\\{closure}()
#5 /Users/deepeshraj/Documents/GitHub/online-tuition/vendor/laravel/framework/src/Illuminate/Container/BoundMethod.php(93): Illuminate\\Container\\Util::unwrapIfClosure(Object(Closure))
#6 /Users/deepeshraj/Documents/GitHub/online-tuition/vendor/laravel/framework/src/Illuminate/Container/BoundMethod.php(35): Illuminate\\Container\\BoundMethod::callBoundMethod(Object(Illuminate\\Foundation\\Application), Array, Object(Closure))
#7 /Users/deepeshraj/Documents/GitHub/online-tuition/vendor/laravel/framework/src/Illuminate/Container/Container.php(662): Illuminate\\Container\\BoundMethod::call(Object(Illuminate\\Foundation\\Application), Array, Array, NULL)
#8 /Users/deepeshraj/Documents/GitHub/online-tuition/vendor/laravel/framework/src/Illuminate/Foundation/Application.php(1010): Illuminate\\Container\\Container->call(Array)
#9 /Users/deepeshraj/Documents/GitHub/online-tuition/vendor/laravel/framework/src/Illuminate/Foundation/Application.php(991): Illuminate\\Foundation\\Application->bootProvider(Object(App\\Providers\\BroadcastServiceProvider))
#10 [internal function]: Illuminate\\Foundation\\Application->Illuminate\\Foundation\\{closure}(Object(App\\Providers\\BroadcastServiceProvider), 29)
#11 /Users/deepeshraj/Documents/GitHub/online-tuition/vendor/laravel/framework/src/Illuminate/Foundation/Application.php(990): array_walk(Array, Object(Closure))
#12 /Users/deepeshraj/Documents/GitHub/online-tuition/vendor/laravel/framework/src/Illuminate/Foundation/Bootstrap/BootProviders.php(17): Illuminate\\Foundation\\Application->boot()
#13 /Users/deepeshraj/Documents/GitHub/online-tuition/vendor/laravel/framework/src/Illuminate/Foundation/Application.php(261): Illuminate\\Foundation\\Bootstrap\\BootProviders->bootstrap(Object(Illuminate\\Foundation\\Application))
#14 /Users/deepeshraj/Documents/GitHub/online-tuition/vendor/laravel/framework/src/Illuminate/Foundation/Console/Kernel.php(447): Illuminate\\Foundation\\Application->bootstrapWith(Array)
#15 /Users/deepeshraj/Documents/GitHub/online-tuition/vendor/laravel/framework/src/Illuminate/Foundation/Console/Kernel.php(199): Illuminate\\Foundation\\Console\\Kernel->bootstrap()
#16 Command line code(1): Illuminate\\Foundation\\Console\\Kernel->handle(Object(Symfony\\Component\\Console\\Input\\ArgvInput), Object(Symfony\\Component\\Console\\Output\\ConsoleOutput))
#17 {main}
"} 
[2024-10-24 14:21:54] local.ERROR: require(/Users/deepeshraj/Documents/GitHub/online-tuition/routes/channels.php): Failed to open stream: No such file or directory {"exception":"[object] (ErrorException(code: 0): require(/Users/deepeshraj/Documents/GitHub/online-tuition/routes/channels.php): Failed to open stream: No such file or directory at /Users/deepeshraj/Documents/GitHub/online-tuition/app/Providers/BroadcastServiceProvider.php:17)
[stacktrace]
#0 /Users/deepeshraj/Documents/GitHub/online-tuition/vendor/laravel/framework/src/Illuminate/Foundation/Bootstrap/HandleExceptions.php(254): Illuminate\\Foundation\\Bootstrap\\HandleExceptions->handleError(2, 'require(/Users/...', '/Users/deepeshr...', 17)
#1 /Users/deepeshraj/Documents/GitHub/online-tuition/app/Providers/BroadcastServiceProvider.php(17): Illuminate\\Foundation\\Bootstrap\\HandleExceptions->Illuminate\\Foundation\\Bootstrap\\{closure}(2, 'require(/Users/...', '/Users/deepeshr...', 17)
#2 /Users/deepeshraj/Documents/GitHub/online-tuition/app/Providers/BroadcastServiceProvider.php(17): require('/Users/deepeshr...')
#3 /Users/deepeshraj/Documents/GitHub/online-tuition/vendor/laravel/framework/src/Illuminate/Container/BoundMethod.php(36): App\\Providers\\BroadcastServiceProvider->boot()
#4 /Users/deepeshraj/Documents/GitHub/online-tuition/vendor/laravel/framework/src/Illuminate/Container/Util.php(41): Illuminate\\Container\\BoundMethod::Illuminate\\Container\\{closure}()
#5 /Users/deepeshraj/Documents/GitHub/online-tuition/vendor/laravel/framework/src/Illuminate/Container/BoundMethod.php(93): Illuminate\\Container\\Util::unwrapIfClosure(Object(Closure))
#6 /Users/deepeshraj/Documents/GitHub/online-tuition/vendor/laravel/framework/src/Illuminate/Container/BoundMethod.php(35): Illuminate\\Container\\BoundMethod::callBoundMethod(Object(Illuminate\\Foundation\\Application), Array, Object(Closure))
#7 /Users/deepeshraj/Documents/GitHub/online-tuition/vendor/laravel/framework/src/Illuminate/Container/Container.php(662): Illuminate\\Container\\BoundMethod::call(Object(Illuminate\\Foundation\\Application), Array, Array, NULL)
#8 /Users/deepeshraj/Documents/GitHub/online-tuition/vendor/laravel/framework/src/Illuminate/Foundation/Application.php(1010): Illuminate\\Container\\Container->call(Array)
#9 /Users/deepeshraj/Documents/GitHub/online-tuition/vendor/laravel/framework/src/Illuminate/Foundation/Application.php(991): Illuminate\\Foundation\\Application->bootProvider(Object(App\\Providers\\BroadcastServiceProvider))
#10 [internal function]: Illuminate\\Foundation\\Application->Illuminate\\Foundation\\{closure}(Object(App\\Providers\\BroadcastServiceProvider), 29)
#11 /Users/deepeshraj/Documents/GitHub/online-tuition/vendor/laravel/framework/src/Illuminate/Foundation/Application.php(990): array_walk(Array, Object(Closure))
#12 /Users/deepeshraj/Documents/GitHub/online-tuition/vendor/laravel/framework/src/Illuminate/Foundation/Bootstrap/BootProviders.php(17): Illuminate\\Foundation\\Application->boot()
#13 /Users/deepeshraj/Documents/GitHub/online-tuition/vendor/laravel/framework/src/Illuminate/Foundation/Application.php(261): Illuminate\\Foundation\\Bootstrap\\BootProviders->bootstrap(Object(Illuminate\\Foundation\\Application))
#14 /Users/deepeshraj/Documents/GitHub/online-tuition/vendor/laravel/framework/src/Illuminate/Foundation/Console/Kernel.php(447): Illuminate\\Foundation\\Application->bootstrapWith(Array)
#15 /Users/deepeshraj/Documents/GitHub/online-tuition/vendor/laravel/framework/src/Illuminate/Foundation/Console/Kernel.php(199): Illuminate\\Foundation\\Console\\Kernel->bootstrap()
#16 Command line code(1): Illuminate\\Foundation\\Console\\Kernel->handle(Object(Symfony\\Component\\Console\\Input\\ArgvInput), Object(Symfony\\Component\\Console\\Output\\ConsoleOutput))
#17 {main}
"} 
[2024-10-24 14:22:06] local.ERROR: require(/Users/deepeshraj/Documents/GitHub/online-tuition/routes/channels.php): Failed to open stream: No such file or directory {"exception":"[object] (ErrorException(code: 0): require(/Users/deepeshraj/Documents/GitHub/online-tuition/routes/channels.php): Failed to open stream: No such file or directory at /Users/deepeshraj/Documents/GitHub/online-tuition/app/Providers/BroadcastServiceProvider.php:17)
[stacktrace]
#0 /Users/deepeshraj/Documents/GitHub/online-tuition/vendor/laravel/framework/src/Illuminate/Foundation/Bootstrap/HandleExceptions.php(254): Illuminate\\Foundation\\Bootstrap\\HandleExceptions->handleError(2, 'require(/Users/...', '/Users/deepeshr...', 17)
#1 /Users/deepeshraj/Documents/GitHub/online-tuition/app/Providers/BroadcastServiceProvider.php(17): Illuminate\\Foundation\\Bootstrap\\HandleExceptions->Illuminate\\Foundation\\Bootstrap\\{closure}(2, 'require(/Users/...', '/Users/deepeshr...', 17)
#2 /Users/deepeshraj/Documents/GitHub/online-tuition/app/Providers/BroadcastServiceProvider.php(17): require('/Users/deepeshr...')
#3 /Users/deepeshraj/Documents/GitHub/online-tuition/vendor/laravel/framework/src/Illuminate/Container/BoundMethod.php(36): App\\Providers\\BroadcastServiceProvider->boot()
#4 /Users/deepeshraj/Documents/GitHub/online-tuition/vendor/laravel/framework/src/Illuminate/Container/Util.php(41): Illuminate\\Container\\BoundMethod::Illuminate\\Container\\{closure}()
#5 /Users/deepeshraj/Documents/GitHub/online-tuition/vendor/laravel/framework/src/Illuminate/Container/BoundMethod.php(93): Illuminate\\Container\\Util::unwrapIfClosure(Object(Closure))
#6 /Users/deepeshraj/Documents/GitHub/online-tuition/vendor/laravel/framework/src/Illuminate/Container/BoundMethod.php(35): Illuminate\\Container\\BoundMethod::callBoundMethod(Object(Illuminate\\Foundation\\Application), Array, Object(Closure))
#7 /Users/deepeshraj/Documents/GitHub/online-tuition/vendor/laravel/framework/src/Illuminate/Container/Container.php(662): Illuminate\\Container\\BoundMethod::call(Object(Illuminate\\Foundation\\Application), Array, Array, NULL)
#8 /Users/deepeshraj/Documents/GitHub/online-tuition/vendor/laravel/framework/src/Illuminate/Foundation/Application.php(1010): Illuminate\\Container\\Container->call(Array)
#9 /Users/deepeshraj/Documents/GitHub/online-tuition/vendor/laravel/framework/src/Illuminate/Foundation/Application.php(991): Illuminate\\Foundation\\Application->bootProvider(Object(App\\Providers\\BroadcastServiceProvider))
#10 [internal function]: Illuminate\\Foundation\\Application->Illuminate\\Foundation\\{closure}(Object(App\\Providers\\BroadcastServiceProvider), 28)
#11 /Users/deepeshraj/Documents/GitHub/online-tuition/vendor/laravel/framework/src/Illuminate/Foundation/Application.php(990): array_walk(Array, Object(Closure))
#12 /Users/deepeshraj/Documents/GitHub/online-tuition/vendor/laravel/framework/src/Illuminate/Foundation/Bootstrap/BootProviders.php(17): Illuminate\\Foundation\\Application->boot()
#13 /Users/deepeshraj/Documents/GitHub/online-tuition/vendor/laravel/framework/src/Illuminate/Foundation/Application.php(261): Illuminate\\Foundation\\Bootstrap\\BootProviders->bootstrap(Object(Illuminate\\Foundation\\Application))
#14 /Users/deepeshraj/Documents/GitHub/online-tuition/vendor/laravel/framework/src/Illuminate/Foundation/Console/Kernel.php(447): Illuminate\\Foundation\\Application->bootstrapWith(Array)
#15 /Users/deepeshraj/Documents/GitHub/online-tuition/vendor/laravel/framework/src/Illuminate/Foundation/Console/Kernel.php(199): Illuminate\\Foundation\\Console\\Kernel->bootstrap()
#16 /Users/deepeshraj/Documents/GitHub/online-tuition/artisan(35): Illuminate\\Foundation\\Console\\Kernel->handle(Object(Symfony\\Component\\Console\\Input\\ArgvInput), Object(Symfony\\Component\\Console\\Output\\ConsoleOutput))
#17 {main}
"} 
[2024-10-24 14:22:29] local.ERROR: require(/Users/deepeshraj/Documents/GitHub/online-tuition/routes/channels.php): Failed to open stream: No such file or directory {"exception":"[object] (ErrorException(code: 0): require(/Users/deepeshraj/Documents/GitHub/online-tuition/routes/channels.php): Failed to open stream: No such file or directory at /Users/deepeshraj/Documents/GitHub/online-tuition/app/Providers/BroadcastServiceProvider.php:17)
[stacktrace]
#0 /Users/deepeshraj/Documents/GitHub/online-tuition/vendor/laravel/framework/src/Illuminate/Foundation/Bootstrap/HandleExceptions.php(254): Illuminate\\Foundation\\Bootstrap\\HandleExceptions->handleError(2, 'require(/Users/...', '/Users/deepeshr...', 17)
#1 /Users/deepeshraj/Documents/GitHub/online-tuition/app/Providers/BroadcastServiceProvider.php(17): Illuminate\\Foundation\\Bootstrap\\HandleExceptions->Illuminate\\Foundation\\Bootstrap\\{closure}(2, 'require(/Users/...', '/Users/deepeshr...', 17)
#2 /Users/deepeshraj/Documents/GitHub/online-tuition/app/Providers/BroadcastServiceProvider.php(17): require('/Users/deepeshr...')
#3 /Users/deepeshraj/Documents/GitHub/online-tuition/vendor/laravel/framework/src/Illuminate/Container/BoundMethod.php(36): App\\Providers\\BroadcastServiceProvider->boot()
#4 /Users/deepeshraj/Documents/GitHub/online-tuition/vendor/laravel/framework/src/Illuminate/Container/Util.php(41): Illuminate\\Container\\BoundMethod::Illuminate\\Container\\{closure}()
#5 /Users/deepeshraj/Documents/GitHub/online-tuition/vendor/laravel/framework/src/Illuminate/Container/BoundMethod.php(93): Illuminate\\Container\\Util::unwrapIfClosure(Object(Closure))
#6 /Users/deepeshraj/Documents/GitHub/online-tuition/vendor/laravel/framework/src/Illuminate/Container/BoundMethod.php(35): Illuminate\\Container\\BoundMethod::callBoundMethod(Object(Illuminate\\Foundation\\Application), Array, Object(Closure))
#7 /Users/deepeshraj/Documents/GitHub/online-tuition/vendor/laravel/framework/src/Illuminate/Container/Container.php(662): Illuminate\\Container\\BoundMethod::call(Object(Illuminate\\Foundation\\Application), Array, Array, NULL)
#8 /Users/deepeshraj/Documents/GitHub/online-tuition/vendor/laravel/framework/src/Illuminate/Foundation/Application.php(1010): Illuminate\\Container\\Container->call(Array)
#9 /Users/deepeshraj/Documents/GitHub/online-tuition/vendor/laravel/framework/src/Illuminate/Foundation/Application.php(991): Illuminate\\Foundation\\Application->bootProvider(Object(App\\Providers\\BroadcastServiceProvider))
#10 [internal function]: Illuminate\\Foundation\\Application->Illuminate\\Foundation\\{closure}(Object(App\\Providers\\BroadcastServiceProvider), 28)
#11 /Users/deepeshraj/Documents/GitHub/online-tuition/vendor/laravel/framework/src/Illuminate/Foundation/Application.php(990): array_walk(Array, Object(Closure))
#12 /Users/deepeshraj/Documents/GitHub/online-tuition/vendor/laravel/framework/src/Illuminate/Foundation/Bootstrap/BootProviders.php(17): Illuminate\\Foundation\\Application->boot()
#13 /Users/deepeshraj/Documents/GitHub/online-tuition/vendor/laravel/framework/src/Illuminate/Foundation/Application.php(261): Illuminate\\Foundation\\Bootstrap\\BootProviders->bootstrap(Object(Illuminate\\Foundation\\Application))
#14 /Users/deepeshraj/Documents/GitHub/online-tuition/vendor/laravel/framework/src/Illuminate/Foundation/Console/Kernel.php(447): Illuminate\\Foundation\\Application->bootstrapWith(Array)
#15 /Users/deepeshraj/Documents/GitHub/online-tuition/vendor/laravel/framework/src/Illuminate/Foundation/Console/Kernel.php(199): Illuminate\\Foundation\\Console\\Kernel->bootstrap()
#16 /Users/deepeshraj/Documents/GitHub/online-tuition/artisan(35): Illuminate\\Foundation\\Console\\Kernel->handle(Object(Symfony\\Component\\Console\\Input\\ArgvInput), Object(Symfony\\Component\\Console\\Output\\ConsoleOutput))
#17 {main}
"} 
[2024-10-24 14:22:54] local.ERROR: require(/Users/deepeshraj/Documents/GitHub/online-tuition/routes/channels.php): Failed to open stream: No such file or directory {"exception":"[object] (ErrorException(code: 0): require(/Users/deepeshraj/Documents/GitHub/online-tuition/routes/channels.php): Failed to open stream: No such file or directory at /Users/deepeshraj/Documents/GitHub/online-tuition/app/Providers/BroadcastServiceProvider.php:17)
[stacktrace]
#0 /Users/deepeshraj/Documents/GitHub/online-tuition/vendor/laravel/framework/src/Illuminate/Foundation/Bootstrap/HandleExceptions.php(254): Illuminate\\Foundation\\Bootstrap\\HandleExceptions->handleError(2, 'require(/Users/...', '/Users/deepeshr...', 17)
#1 /Users/deepeshraj/Documents/GitHub/online-tuition/app/Providers/BroadcastServiceProvider.php(17): Illuminate\\Foundation\\Bootstrap\\HandleExceptions->Illuminate\\Foundation\\Bootstrap\\{closure}(2, 'require(/Users/...', '/Users/deepeshr...', 17)
#2 /Users/deepeshraj/Documents/GitHub/online-tuition/app/Providers/BroadcastServiceProvider.php(17): require('/Users/deepeshr...')
#3 /Users/deepeshraj/Documents/GitHub/online-tuition/vendor/laravel/framework/src/Illuminate/Container/BoundMethod.php(36): App\\Providers\\BroadcastServiceProvider->boot()
#4 /Users/deepeshraj/Documents/GitHub/online-tuition/vendor/laravel/framework/src/Illuminate/Container/Util.php(41): Illuminate\\Container\\BoundMethod::Illuminate\\Container\\{closure}()
#5 /Users/deepeshraj/Documents/GitHub/online-tuition/vendor/laravel/framework/src/Illuminate/Container/BoundMethod.php(93): Illuminate\\Container\\Util::unwrapIfClosure(Object(Closure))
#6 /Users/deepeshraj/Documents/GitHub/online-tuition/vendor/laravel/framework/src/Illuminate/Container/BoundMethod.php(35): Illuminate\\Container\\BoundMethod::callBoundMethod(Object(Illuminate\\Foundation\\Application), Array, Object(Closure))
#7 /Users/deepeshraj/Documents/GitHub/online-tuition/vendor/laravel/framework/src/Illuminate/Container/Container.php(662): Illuminate\\Container\\BoundMethod::call(Object(Illuminate\\Foundation\\Application), Array, Array, NULL)
#8 /Users/deepeshraj/Documents/GitHub/online-tuition/vendor/laravel/framework/src/Illuminate/Foundation/Application.php(1010): Illuminate\\Container\\Container->call(Array)
#9 /Users/deepeshraj/Documents/GitHub/online-tuition/vendor/laravel/framework/src/Illuminate/Foundation/Application.php(991): Illuminate\\Foundation\\Application->bootProvider(Object(App\\Providers\\BroadcastServiceProvider))
#10 [internal function]: Illuminate\\Foundation\\Application->Illuminate\\Foundation\\{closure}(Object(App\\Providers\\BroadcastServiceProvider), 29)
#11 /Users/deepeshraj/Documents/GitHub/online-tuition/vendor/laravel/framework/src/Illuminate/Foundation/Application.php(990): array_walk(Array, Object(Closure))
#12 /Users/deepeshraj/Documents/GitHub/online-tuition/vendor/laravel/framework/src/Illuminate/Foundation/Bootstrap/BootProviders.php(17): Illuminate\\Foundation\\Application->boot()
#13 /Users/deepeshraj/Documents/GitHub/online-tuition/vendor/laravel/framework/src/Illuminate/Foundation/Application.php(261): Illuminate\\Foundation\\Bootstrap\\BootProviders->bootstrap(Object(Illuminate\\Foundation\\Application))
#14 /Users/deepeshraj/Documents/GitHub/online-tuition/vendor/laravel/framework/src/Illuminate/Foundation/Console/Kernel.php(447): Illuminate\\Foundation\\Application->bootstrapWith(Array)
#15 /Users/deepeshraj/Documents/GitHub/online-tuition/vendor/laravel/framework/src/Illuminate/Foundation/Console/Kernel.php(199): Illuminate\\Foundation\\Console\\Kernel->bootstrap()
#16 Command line code(1): Illuminate\\Foundation\\Console\\Kernel->handle(Object(Symfony\\Component\\Console\\Input\\ArgvInput), Object(Symfony\\Component\\Console\\Output\\ConsoleOutput))
#17 {main}
"} 
[2024-10-24 14:22:54] local.ERROR: require(/Users/deepeshraj/Documents/GitHub/online-tuition/routes/channels.php): Failed to open stream: No such file or directory {"exception":"[object] (ErrorException(code: 0): require(/Users/deepeshraj/Documents/GitHub/online-tuition/routes/channels.php): Failed to open stream: No such file or directory at /Users/deepeshraj/Documents/GitHub/online-tuition/app/Providers/BroadcastServiceProvider.php:17)
[stacktrace]
#0 /Users/deepeshraj/Documents/GitHub/online-tuition/vendor/laravel/framework/src/Illuminate/Foundation/Bootstrap/HandleExceptions.php(254): Illuminate\\Foundation\\Bootstrap\\HandleExceptions->handleError(2, 'require(/Users/...', '/Users/deepeshr...', 17)
#1 /Users/deepeshraj/Documents/GitHub/online-tuition/app/Providers/BroadcastServiceProvider.php(17): Illuminate\\Foundation\\Bootstrap\\HandleExceptions->Illuminate\\Foundation\\Bootstrap\\{closure}(2, 'require(/Users/...', '/Users/deepeshr...', 17)
#2 /Users/deepeshraj/Documents/GitHub/online-tuition/app/Providers/BroadcastServiceProvider.php(17): require('/Users/deepeshr...')
#3 /Users/deepeshraj/Documents/GitHub/online-tuition/vendor/laravel/framework/src/Illuminate/Container/BoundMethod.php(36): App\\Providers\\BroadcastServiceProvider->boot()
#4 /Users/deepeshraj/Documents/GitHub/online-tuition/vendor/laravel/framework/src/Illuminate/Container/Util.php(41): Illuminate\\Container\\BoundMethod::Illuminate\\Container\\{closure}()
#5 /Users/deepeshraj/Documents/GitHub/online-tuition/vendor/laravel/framework/src/Illuminate/Container/BoundMethod.php(93): Illuminate\\Container\\Util::unwrapIfClosure(Object(Closure))
#6 /Users/deepeshraj/Documents/GitHub/online-tuition/vendor/laravel/framework/src/Illuminate/Container/BoundMethod.php(35): Illuminate\\Container\\BoundMethod::callBoundMethod(Object(Illuminate\\Foundation\\Application), Array, Object(Closure))
#7 /Users/deepeshraj/Documents/GitHub/online-tuition/vendor/laravel/framework/src/Illuminate/Container/Container.php(662): Illuminate\\Container\\BoundMethod::call(Object(Illuminate\\Foundation\\Application), Array, Array, NULL)
#8 /Users/deepeshraj/Documents/GitHub/online-tuition/vendor/laravel/framework/src/Illuminate/Foundation/Application.php(1010): Illuminate\\Container\\Container->call(Array)
#9 /Users/deepeshraj/Documents/GitHub/online-tuition/vendor/laravel/framework/src/Illuminate/Foundation/Application.php(991): Illuminate\\Foundation\\Application->bootProvider(Object(App\\Providers\\BroadcastServiceProvider))
#10 [internal function]: Illuminate\\Foundation\\Application->Illuminate\\Foundation\\{closure}(Object(App\\Providers\\BroadcastServiceProvider), 29)
#11 /Users/deepeshraj/Documents/GitHub/online-tuition/vendor/laravel/framework/src/Illuminate/Foundation/Application.php(990): array_walk(Array, Object(Closure))
#12 /Users/deepeshraj/Documents/GitHub/online-tuition/vendor/laravel/framework/src/Illuminate/Foundation/Bootstrap/BootProviders.php(17): Illuminate\\Foundation\\Application->boot()
#13 /Users/deepeshraj/Documents/GitHub/online-tuition/vendor/laravel/framework/src/Illuminate/Foundation/Application.php(261): Illuminate\\Foundation\\Bootstrap\\BootProviders->bootstrap(Object(Illuminate\\Foundation\\Application))
#14 /Users/deepeshraj/Documents/GitHub/online-tuition/vendor/laravel/framework/src/Illuminate/Foundation/Console/Kernel.php(447): Illuminate\\Foundation\\Application->bootstrapWith(Array)
#15 /Users/deepeshraj/Documents/GitHub/online-tuition/vendor/laravel/framework/src/Illuminate/Foundation/Console/Kernel.php(199): Illuminate\\Foundation\\Console\\Kernel->bootstrap()
#16 Command line code(1): Illuminate\\Foundation\\Console\\Kernel->handle(Object(Symfony\\Component\\Console\\Input\\ArgvInput), Object(Symfony\\Component\\Console\\Output\\ConsoleOutput))
#17 {main}
"} 
[2024-10-24 14:23:01] local.ERROR: require(/Users/deepeshraj/Documents/GitHub/online-tuition/routes/channels.php): Failed to open stream: No such file or directory {"exception":"[object] (ErrorException(code: 0): require(/Users/deepeshraj/Documents/GitHub/online-tuition/routes/channels.php): Failed to open stream: No such file or directory at /Users/deepeshraj/Documents/GitHub/online-tuition/app/Providers/BroadcastServiceProvider.php:17)
[stacktrace]
#0 /Users/deepeshraj/Documents/GitHub/online-tuition/vendor/laravel/framework/src/Illuminate/Foundation/Bootstrap/HandleExceptions.php(254): Illuminate\\Foundation\\Bootstrap\\HandleExceptions->handleError(2, 'require(/Users/...', '/Users/deepeshr...', 17)
#1 /Users/deepeshraj/Documents/GitHub/online-tuition/app/Providers/BroadcastServiceProvider.php(17): Illuminate\\Foundation\\Bootstrap\\HandleExceptions->Illuminate\\Foundation\\Bootstrap\\{closure}(2, 'require(/Users/...', '/Users/deepeshr...', 17)
#2 /Users/deepeshraj/Documents/GitHub/online-tuition/app/Providers/BroadcastServiceProvider.php(17): require('/Users/deepeshr...')
#3 /Users/deepeshraj/Documents/GitHub/online-tuition/vendor/laravel/framework/src/Illuminate/Container/BoundMethod.php(36): App\\Providers\\BroadcastServiceProvider->boot()
#4 /Users/deepeshraj/Documents/GitHub/online-tuition/vendor/laravel/framework/src/Illuminate/Container/Util.php(41): Illuminate\\Container\\BoundMethod::Illuminate\\Container\\{closure}()
#5 /Users/deepeshraj/Documents/GitHub/online-tuition/vendor/laravel/framework/src/Illuminate/Container/BoundMethod.php(93): Illuminate\\Container\\Util::unwrapIfClosure(Object(Closure))
#6 /Users/deepeshraj/Documents/GitHub/online-tuition/vendor/laravel/framework/src/Illuminate/Container/BoundMethod.php(35): Illuminate\\Container\\BoundMethod::callBoundMethod(Object(Illuminate\\Foundation\\Application), Array, Object(Closure))
#7 /Users/deepeshraj/Documents/GitHub/online-tuition/vendor/laravel/framework/src/Illuminate/Container/Container.php(662): Illuminate\\Container\\BoundMethod::call(Object(Illuminate\\Foundation\\Application), Array, Array, NULL)
#8 /Users/deepeshraj/Documents/GitHub/online-tuition/vendor/laravel/framework/src/Illuminate/Foundation/Application.php(1010): Illuminate\\Container\\Container->call(Array)
#9 /Users/deepeshraj/Documents/GitHub/online-tuition/vendor/laravel/framework/src/Illuminate/Foundation/Application.php(991): Illuminate\\Foundation\\Application->bootProvider(Object(App\\Providers\\BroadcastServiceProvider))
#10 [internal function]: Illuminate\\Foundation\\Application->Illuminate\\Foundation\\{closure}(Object(App\\Providers\\BroadcastServiceProvider), 28)
#11 /Users/deepeshraj/Documents/GitHub/online-tuition/vendor/laravel/framework/src/Illuminate/Foundation/Application.php(990): array_walk(Array, Object(Closure))
#12 /Users/deepeshraj/Documents/GitHub/online-tuition/vendor/laravel/framework/src/Illuminate/Foundation/Bootstrap/BootProviders.php(17): Illuminate\\Foundation\\Application->boot()
#13 /Users/deepeshraj/Documents/GitHub/online-tuition/vendor/laravel/framework/src/Illuminate/Foundation/Application.php(261): Illuminate\\Foundation\\Bootstrap\\BootProviders->bootstrap(Object(Illuminate\\Foundation\\Application))
#14 /Users/deepeshraj/Documents/GitHub/online-tuition/vendor/laravel/framework/src/Illuminate/Foundation/Console/Kernel.php(447): Illuminate\\Foundation\\Application->bootstrapWith(Array)
#15 /Users/deepeshraj/Documents/GitHub/online-tuition/vendor/laravel/framework/src/Illuminate/Foundation/Console/Kernel.php(199): Illuminate\\Foundation\\Console\\Kernel->bootstrap()
#16 /Users/deepeshraj/Documents/GitHub/online-tuition/artisan(35): Illuminate\\Foundation\\Console\\Kernel->handle(Object(Symfony\\Component\\Console\\Input\\ArgvInput), Object(Symfony\\Component\\Console\\Output\\ConsoleOutput))
#17 {main}
"} 
